{"E:\\OtusProj\\Life_after_diet_app\\src\\ClientSettingsProvider\\deleteOldestItem.ts": {"path":"E:\\OtusProj\\Life_after_diet_app\\src\\ClientSettingsProvider\\deleteOldestItem.ts","statementMap":{"0":{"start":{"line":4,"column":31},"end":{"line":4,"column":51}},"1":{"start":{"line":5,"column":2},"end":{"line":11,"column":3}},"2":{"start":{"line":6,"column":26},"end":{"line":8,"column":5}},"3":{"start":{"line":7,"column":16},"end":{"line":7,"column":45}},"4":{"start":{"line":9,"column":23},"end":{"line":9,"column":42}},"5":{"start":{"line":10,"column":4},"end":{"line":10,"column":31}}},"fnMap":{"0":{"name":"deleteOldestItem","decl":{"start":{"line":3,"column":16},"end":{"line":3,"column":32}},"loc":{"start":{"line":3,"column":65},"end":{"line":12,"column":1}},"line":3},"1":{"name":"(anonymous_1)","decl":{"start":{"line":7,"column":6},"end":{"line":7,"column":7}},"loc":{"start":{"line":7,"column":16},"end":{"line":7,"column":45}},"line":7}},"branchMap":{"0":{"loc":{"start":{"line":5,"column":2},"end":{"line":11,"column":3}},"type":"if","locations":[{"start":{"line":5,"column":2},"end":{"line":11,"column":3}},{"start":{},"end":{}}],"line":5},"1":{"loc":{"start":{"line":7,"column":17},"end":{"line":7,"column":28}},"type":"binary-expr","locations":[{"start":{"line":7,"column":17},"end":{"line":7,"column":23}},{"start":{"line":7,"column":27},"end":{"line":7,"column":28}}],"line":7},"2":{"loc":{"start":{"line":7,"column":33},"end":{"line":7,"column":44}},"type":"binary-expr","locations":[{"start":{"line":7,"column":33},"end":{"line":7,"column":39}},{"start":{"line":7,"column":43},"end":{"line":7,"column":44}}],"line":7}},"s":{"0":2,"1":2,"2":1,"3":10,"4":1,"5":1},"f":{"0":2,"1":10},"b":{"0":[1,1],"1":[10,10],"2":[10,10]},"_coverageSchema":"1a1c01bbd47fc00a2c39e90264f33305004495a9","hash":"f5cac4d8e4f66e34e6dcbae278b196d6c3480726"}
}
